2023-05-31 01:47:00.338 - INFO - 42820 - azureml.train.automl._experiment_drivers.driver_utilities.modify_run_configuration:225 - Package azureml-train-automl missing from dependencies file.
2023-05-31 01:47:00.340 - INFO - 42820 - azureml.train.automl._experiment_drivers.driver_utilities.modify_run_configuration:231 - Using pinned version: azureml-train-automl==1.49.0.*
2023-05-31 01:47:00.341 - INFO - 42820 - azureml.train.automl._experiment_drivers.driver_utilities.modify_run_configuration:225 - Package pandas missing from dependencies file.
2023-05-31 01:47:00.341 - INFO - 42820 - azureml.train.automl._experiment_drivers.driver_utilities.modify_run_configuration:231 - Using pinned version: pandas==1.1.5
2023-05-31 01:47:00.347 - INFO - 42820 - azureml.train.automl._experiment_drivers.driver_utilities.modify_run_configuration:225 - Package psutil missing from dependencies file.
2023-05-31 01:47:00.348 - INFO - 42820 - azureml.train.automl._experiment_drivers.driver_utilities.modify_run_configuration:231 - Using pinned version: psutil>5.0.0,<6.0.0
2023-05-31 01:47:00.348 - INFO - 42820 - azureml.train.automl._experiment_drivers.driver_utilities.modify_run_configuration:225 - Package scikit-learn missing from dependencies file.
2023-05-31 01:47:00.348 - INFO - 42820 - azureml.train.automl._experiment_drivers.driver_utilities.modify_run_configuration:231 - Using pinned version: scikit-learn==0.22.1
2023-05-31 01:47:00.349 - INFO - 42820 - azureml.train.automl._experiment_drivers.driver_utilities.modify_run_configuration:225 - Package numpy missing from dependencies file.
2023-05-31 01:47:00.349 - INFO - 42820 - azureml.train.automl._experiment_drivers.driver_utilities.modify_run_configuration:231 - Using pinned version: numpy~=1.18.0
2023-05-31 01:47:00.349 - INFO - 42820 - azureml.train.automl._experiment_drivers.driver_utilities.modify_run_configuration:225 - Package py-xgboost missing from dependencies file.
2023-05-31 01:47:00.352 - INFO - 42820 - azureml.train.automl._experiment_drivers.driver_utilities.modify_run_configuration:231 - Using pinned version: py-xgboost==1.3.3
2023-05-31 01:47:00.381 - INFO - 42820 - azureml.train.automl._experiment_drivers.driver_utilities.modify_run_configuration:225 - Package inference-schema missing from dependencies file.
2023-05-31 01:47:00.382 - INFO - 42820 - azureml.train.automl._experiment_drivers.driver_utilities.modify_run_configuration:235 - Using installed version: inference-schema==1.5.1
2023-05-31 01:47:00.384 - INFO - 42820 - azureml.train.automl._experiment_drivers.driver_utilities.modify_run_configuration:225 - Package fbprophet missing from dependencies file.
2023-05-31 01:47:00.384 - INFO - 42820 - azureml.train.automl._experiment_drivers.driver_utilities.modify_run_configuration:231 - Using pinned version: fbprophet==0.7.1
2023-05-31 01:47:00.385 - INFO - 42820 - azureml.train.automl._experiment_drivers.driver_utilities.modify_run_configuration:225 - Package holidays missing from dependencies file.
2023-05-31 01:47:00.386 - INFO - 42820 - azureml.train.automl._experiment_drivers.driver_utilities.modify_run_configuration:231 - Using pinned version: holidays==0.10.3
2023-05-31 01:47:00.386 - INFO - 42820 - azureml.train.automl._experiment_drivers.driver_utilities.modify_run_configuration:225 - Package joblib missing from dependencies file.
2023-05-31 01:47:00.388 - INFO - 42820 - azureml.train.automl._experiment_drivers.driver_utilities.modify_run_configuration:231 - Using pinned version: joblib==0.14.1
2023-05-31 01:47:00.389 - INFO - 42820 - azureml.train.automl._experiment_drivers.driver_utilities.modify_run_configuration:225 - Package pystan missing from dependencies file.
2023-05-31 01:47:00.389 - INFO - 42820 - azureml.train.automl._experiment_drivers.driver_utilities.modify_run_configuration:231 - Using pinned version: pystan==2.19.1.1
2023-05-31 01:47:00.403 - INFO - 42820 - azureml.train.automl._experiment_drivers.driver_utilities.modify_run_configuration:225 - Package setuptools-git missing from dependencies file.
2023-05-31 01:47:00.404 - INFO - 42820 - azureml.train.automl._experiment_drivers.driver_utilities.modify_run_configuration:225 - Package urllib3 missing from dependencies file.
2023-05-31 01:47:00.405 - INFO - 42820 - azureml.train.automl._experiment_drivers.driver_utilities.modify_run_configuration:235 - Using installed version: urllib3==1.26.14
2023-05-31 01:47:00.406 - INFO - 42820 - azureml.train.automl._experiment_drivers.driver_utilities.modify_run_configuration:225 - Package azure-core missing from dependencies file.
2023-05-31 01:47:00.406 - INFO - 42820 - azureml.train.automl._experiment_drivers.driver_utilities.modify_run_configuration:235 - Using installed version: azure-core==1.26.3
2023-05-31 01:47:00.408 - INFO - 42820 - azureml.automl.core.dataset_utilities._save_datasets_to_json:255 - JSON serialization of input of type <class 'NoneType'> is un-supported.
2023-05-31 01:47:00.409 - INFO - 42820 - azureml.automl.core.dataset_utilities._save_datasets_to_json:255 - JSON serialization of input of type <class 'NoneType'> is un-supported.
2023-05-31 01:47:00.410 - INFO - 42820 - azureml.train.automl._experiment_drivers.driver_utilities.validate_input:124 - Start data validation.
2023-05-31 01:47:02.094 - INFO - 42820 - azureml.train.automl._experiment_drivers.driver_utilities.validate_input:137 - Validation service found the data has no errors.
2023-05-31 01:47:02.095 - INFO - 42820 - azureml.train.automl._experiment_drivers.driver_utilities.create_remote_parent_run:381 - Start creating parent run.
2023-05-31 01:47:03.156 - INFO - 42820 - azureml.train.automl._experiment_drivers.driver_utilities.create_remote_parent_run:401 - [ParentRunID:AutoML_6247aa15-f1e6-4f70-9d32-6bf40f61c9e9] Remote run using input X and y.
2023-05-31 01:47:04.229 - INFO - 42820 - azureml.train.automl._experiment_drivers.driver_utilities.start_remote_run:336 - Starting a snapshot run (snapshot_id : None)
2023-05-31 11:44:07.297 - INFO - 21056 - azureml.train.automl._experiment_drivers.driver_utilities.modify_run_configuration:225 - Package azureml-train-automl missing from dependencies file.
2023-05-31 11:44:07.298 - INFO - 21056 - azureml.train.automl._experiment_drivers.driver_utilities.modify_run_configuration:231 - Using pinned version: azureml-train-automl==1.49.0.*
2023-05-31 11:44:07.298 - INFO - 21056 - azureml.train.automl._experiment_drivers.driver_utilities.modify_run_configuration:225 - Package pandas missing from dependencies file.
2023-05-31 11:44:07.298 - INFO - 21056 - azureml.train.automl._experiment_drivers.driver_utilities.modify_run_configuration:231 - Using pinned version: pandas==1.1.5
2023-05-31 11:44:07.298 - INFO - 21056 - azureml.train.automl._experiment_drivers.driver_utilities.modify_run_configuration:225 - Package psutil missing from dependencies file.
2023-05-31 11:44:07.298 - INFO - 21056 - azureml.train.automl._experiment_drivers.driver_utilities.modify_run_configuration:231 - Using pinned version: psutil>5.0.0,<6.0.0
2023-05-31 11:44:07.298 - INFO - 21056 - azureml.train.automl._experiment_drivers.driver_utilities.modify_run_configuration:225 - Package scikit-learn missing from dependencies file.
2023-05-31 11:44:07.298 - INFO - 21056 - azureml.train.automl._experiment_drivers.driver_utilities.modify_run_configuration:231 - Using pinned version: scikit-learn==0.22.1
2023-05-31 11:44:07.299 - INFO - 21056 - azureml.train.automl._experiment_drivers.driver_utilities.modify_run_configuration:225 - Package numpy missing from dependencies file.
2023-05-31 11:44:07.299 - INFO - 21056 - azureml.train.automl._experiment_drivers.driver_utilities.modify_run_configuration:231 - Using pinned version: numpy~=1.18.0
2023-05-31 11:44:07.299 - INFO - 21056 - azureml.train.automl._experiment_drivers.driver_utilities.modify_run_configuration:225 - Package py-xgboost missing from dependencies file.
2023-05-31 11:44:07.300 - INFO - 21056 - azureml.train.automl._experiment_drivers.driver_utilities.modify_run_configuration:231 - Using pinned version: py-xgboost==1.3.3
2023-05-31 11:44:07.313 - INFO - 21056 - azureml.train.automl._experiment_drivers.driver_utilities.modify_run_configuration:225 - Package inference-schema missing from dependencies file.
2023-05-31 11:44:07.313 - INFO - 21056 - azureml.train.automl._experiment_drivers.driver_utilities.modify_run_configuration:235 - Using installed version: inference-schema==1.5.1
2023-05-31 11:44:07.314 - INFO - 21056 - azureml.train.automl._experiment_drivers.driver_utilities.modify_run_configuration:225 - Package fbprophet missing from dependencies file.
2023-05-31 11:44:07.315 - INFO - 21056 - azureml.train.automl._experiment_drivers.driver_utilities.modify_run_configuration:231 - Using pinned version: fbprophet==0.7.1
2023-05-31 11:44:07.315 - INFO - 21056 - azureml.train.automl._experiment_drivers.driver_utilities.modify_run_configuration:225 - Package holidays missing from dependencies file.
2023-05-31 11:44:07.316 - INFO - 21056 - azureml.train.automl._experiment_drivers.driver_utilities.modify_run_configuration:231 - Using pinned version: holidays==0.10.3
2023-05-31 11:44:07.316 - INFO - 21056 - azureml.train.automl._experiment_drivers.driver_utilities.modify_run_configuration:225 - Package joblib missing from dependencies file.
2023-05-31 11:44:07.317 - INFO - 21056 - azureml.train.automl._experiment_drivers.driver_utilities.modify_run_configuration:231 - Using pinned version: joblib==0.14.1
2023-05-31 11:44:07.317 - INFO - 21056 - azureml.train.automl._experiment_drivers.driver_utilities.modify_run_configuration:225 - Package pystan missing from dependencies file.
2023-05-31 11:44:07.317 - INFO - 21056 - azureml.train.automl._experiment_drivers.driver_utilities.modify_run_configuration:231 - Using pinned version: pystan==2.19.1.1
2023-05-31 11:44:07.317 - INFO - 21056 - azureml.train.automl._experiment_drivers.driver_utilities.modify_run_configuration:225 - Package setuptools-git missing from dependencies file.
2023-05-31 11:44:07.318 - INFO - 21056 - azureml.train.automl._experiment_drivers.driver_utilities.modify_run_configuration:225 - Package urllib3 missing from dependencies file.
2023-05-31 11:44:07.318 - INFO - 21056 - azureml.train.automl._experiment_drivers.driver_utilities.modify_run_configuration:235 - Using installed version: urllib3==1.26.14
2023-05-31 11:44:07.318 - INFO - 21056 - azureml.train.automl._experiment_drivers.driver_utilities.modify_run_configuration:225 - Package azure-core missing from dependencies file.
2023-05-31 11:44:07.318 - INFO - 21056 - azureml.train.automl._experiment_drivers.driver_utilities.modify_run_configuration:235 - Using installed version: azure-core==1.26.3
2023-05-31 11:44:07.320 - INFO - 21056 - azureml.automl.core.dataset_utilities._save_datasets_to_json:255 - JSON serialization of input of type <class 'NoneType'> is un-supported.
2023-05-31 11:44:07.321 - INFO - 21056 - azureml.automl.core.dataset_utilities._save_datasets_to_json:255 - JSON serialization of input of type <class 'NoneType'> is un-supported.
2023-05-31 11:44:07.328 - INFO - 21056 - azureml.train.automl._experiment_drivers.driver_utilities.validate_input:124 - Start data validation.
2023-05-31 11:44:09.147 - INFO - 21056 - azureml.train.automl._experiment_drivers.driver_utilities.validate_input:137 - Validation service found the data has no errors.
2023-05-31 11:44:09.148 - INFO - 21056 - azureml.train.automl._experiment_drivers.driver_utilities.create_remote_parent_run:381 - Start creating parent run.
2023-05-31 11:44:10.149 - INFO - 21056 - azureml.train.automl._experiment_drivers.driver_utilities.create_remote_parent_run:401 - [ParentRunID:AutoML_ae9de3a9-a990-4f9b-9b01-37bdfa726b06] Remote run using input X and y.
2023-05-31 11:44:11.452 - INFO - 21056 - azureml.train.automl._experiment_drivers.driver_utilities.start_remote_run:336 - Starting a snapshot run (snapshot_id : None)
